<?xml version="1.0" encoding="UTF-8"?>
<testsuite xmlns:xsi="http://www.w3.org/2001/XMLSchema-instance" xsi:noNamespaceSchemaLocation="https://maven.apache.org/surefire/maven-surefire-plugin/xsd/surefire-test-report-3.0.xsd" version="3.0" name="FelineTest" time="0.0" tests="4" errors="0" skipped="0" failures="0">
  <properties>
[...]
</properties>
  <testcase name="getKittens_ShouldReturnOneKitten_ByDefault" classname="FelineTest" time="0.0"/>
  <testcase name="getFamily_ShouldReturnFelidae_WhenCalled" classname="FelineTest" time="0.0"/>
  <testcase name="eatMeat_ShouldReturnPredatorFoodList_WhenCalled" classname="FelineTest" time="0.0"/>
  <testcase name="getKittens_ShouldReturnSpecifiedCount_WhenParameterProvided" classname="FelineTest" time="0.0"/>
</testsuite>